<?xml version="1.0" encoding="UTF-8"?>
<!-- Generated by org.testng.reporters.JUnitXMLReporter -->
<testsuite hostname="vrushank" name="Command line test" tests="3" failures="0" timestamp="7 Mar 2016 21:43:09 GMT" time="2.59" errors="0">
  <testcase name="" time="0.237" classname="gapp.model.dao.ApplicationDaoTest"/>
  <testcase name="" time="0.016" classname="gapp.model.dao.ApplicationDaoTest"/>
  <testcase name="" time="0.016" classname="gapp.model.dao.DepartmentDaoTest"/>
</testsuite> <!-- Command line test -->
