<?xml version="1.0" encoding="UTF-8"?>
<testng-results skipped="0" failed="0" total="2" passed="2">
  <reporter-output>
  </reporter-output>
  <suite name="Default suite" duration-ms="2190" started-at="2016-02-01T22:11:06Z" finished-at="2016-02-01T22:11:08Z">
    <groups>
      <group name="ApplicationDaoTests">
        <method signature="ApplicationDaoTest.getApplicationByDepartment()[pri:0, instance:gapp.model.dao.ApplicationDaoTest@67784306]" name="getApplicationByDepartment" class="gapp.model.dao.ApplicationDaoTest"/>
        <method signature="ApplicationDaoTest.getApplicationForStudent()[pri:0, instance:gapp.model.dao.ApplicationDaoTest@67784306]" name="getApplicationForStudent" class="gapp.model.dao.ApplicationDaoTest"/>
      </group> <!-- ApplicationDaoTests -->
    </groups>
    <test name="Default test" duration-ms="2190" started-at="2016-02-01T22:11:06Z" finished-at="2016-02-01T22:11:08Z">
      <class name="gapp.model.dao.ApplicationDaoTest">
        <test-method status="PASS" signature="springTestContextBeforeTestClass()[pri:0, instance:gapp.model.dao.ApplicationDaoTest@67784306]" test-instance-name="" name="springTestContextBeforeTestClass" is-config="true" duration-ms="8" started-at="2016-02-01T14:11:06Z" finished-at="2016-02-01T14:11:06Z">
          <reporter-output>
          </reporter-output>
        </test-method> <!-- springTestContextBeforeTestClass -->
        <test-method name="springTestContextPrepareTestInstance" test-instance-name="" signature="springTestContextPrepareTestInstance()[pri:0, instance:gapp.model.dao.ApplicationDaoTest@67784306]" is-config="true" status="PASS" duration-ms="1839" finished-at="2016-02-01T14:11:08Z" started-at="2016-02-01T14:11:06Z" depends-on-methods="org.springframework.test.context.testng.AbstractTestNGSpringContextTests.springTestContextBeforeTestClass">
          <reporter-output>
          </reporter-output>
        </test-method> <!-- springTestContextPrepareTestInstance -->
        <test-method status="PASS" signature="springTestContextBeforeTestMethod(java.lang.reflect.Method)[pri:0, instance:gapp.model.dao.ApplicationDaoTest@67784306]" test-instance-name="" name="springTestContextBeforeTestMethod" is-config="true" duration-ms="67" started-at="2016-02-01T14:11:08Z" finished-at="2016-02-01T14:11:08Z">
          <params>
            <param index="0">
              <value>
                <![CDATA[public void gapp.model.dao.ApplicationDaoTest.getApplicationByDepartment()]]>
              </value>
            </param>
          </params>
          <reporter-output>
          </reporter-output>
        </test-method> <!-- springTestContextBeforeTestMethod -->
        <test-method status="PASS" signature="getApplicationByDepartment()[pri:0, instance:gapp.model.dao.ApplicationDaoTest@67784306]" test-instance-name="" name="getApplicationByDepartment" duration-ms="232" started-at="2016-02-01T14:11:08Z" finished-at="2016-02-01T14:11:08Z">
          <reporter-output>
          </reporter-output>
        </test-method> <!-- getApplicationByDepartment -->
        <test-method status="PASS" signature="springTestContextAfterTestMethod(java.lang.reflect.Method)[pri:0, instance:gapp.model.dao.ApplicationDaoTest@67784306]" test-instance-name="" name="springTestContextAfterTestMethod" is-config="true" duration-ms="16" started-at="2016-02-01T14:11:08Z" finished-at="2016-02-01T14:11:08Z">
          <params>
            <param index="0">
              <value>
                <![CDATA[public void gapp.model.dao.ApplicationDaoTest.getApplicationByDepartment()]]>
              </value>
            </param>
          </params>
          <reporter-output>
          </reporter-output>
        </test-method> <!-- springTestContextAfterTestMethod -->
        <test-method status="PASS" signature="springTestContextBeforeTestMethod(java.lang.reflect.Method)[pri:0, instance:gapp.model.dao.ApplicationDaoTest@67784306]" test-instance-name="" name="springTestContextBeforeTestMethod" is-config="true" duration-ms="0" started-at="2016-02-01T14:11:08Z" finished-at="2016-02-01T14:11:08Z">
          <params>
            <param index="0">
              <value>
                <![CDATA[public void gapp.model.dao.ApplicationDaoTest.getApplicationForStudent()]]>
              </value>
            </param>
          </params>
          <reporter-output>
          </reporter-output>
        </test-method> <!-- springTestContextBeforeTestMethod -->
        <test-method status="PASS" signature="getApplicationForStudent()[pri:0, instance:gapp.model.dao.ApplicationDaoTest@67784306]" test-instance-name="" name="getApplicationForStudent" duration-ms="12" started-at="2016-02-01T14:11:08Z" finished-at="2016-02-01T14:11:08Z">
          <reporter-output>
          </reporter-output>
        </test-method> <!-- getApplicationForStudent -->
        <test-method status="PASS" signature="springTestContextAfterTestMethod(java.lang.reflect.Method)[pri:0, instance:gapp.model.dao.ApplicationDaoTest@67784306]" test-instance-name="" name="springTestContextAfterTestMethod" is-config="true" duration-ms="4" started-at="2016-02-01T14:11:08Z" finished-at="2016-02-01T14:11:08Z">
          <params>
            <param index="0">
              <value>
                <![CDATA[public void gapp.model.dao.ApplicationDaoTest.getApplicationForStudent()]]>
              </value>
            </param>
          </params>
          <reporter-output>
          </reporter-output>
        </test-method> <!-- springTestContextAfterTestMethod -->
        <test-method status="PASS" signature="springTestContextAfterTestClass()[pri:0, instance:gapp.model.dao.ApplicationDaoTest@67784306]" test-instance-name="" name="springTestContextAfterTestClass" is-config="true" duration-ms="4" started-at="2016-02-01T14:11:08Z" finished-at="2016-02-01T14:11:08Z">
          <reporter-output>
          </reporter-output>
        </test-method> <!-- springTestContextAfterTestClass -->
      </class> <!-- gapp.model.dao.ApplicationDaoTest -->
    </test> <!-- Default test -->
  </suite> <!-- Default suite -->
</testng-results>
